<?xml version="1.0" encoding="UTF-8"?>
<testng-results skipped="0" failed="0" ignored="0" total="1" passed="1">
  <reporter-output>
  </reporter-output>
  <suite name="Default suite" duration-ms="160" started-at="2019-11-26T16:24:57Z" finished-at="2019-11-26T16:24:58Z">
    <groups>
    </groups>
    <test name="Default test" duration-ms="160" started-at="2019-11-26T16:24:57Z" finished-at="2019-11-26T16:24:58Z">
      <class name="co.edu.icesi.ci.talleres.BusDelegateTest">
        <test-method status="PASS" signature="beforeMethod()[pri:0, instance:co.edu.icesi.ci.talleres.BusDelegateTest@2ac273d3]" name="beforeMethod" is-config="true" duration-ms="28" started-at="2019-11-26T11:24:57Z" finished-at="2019-11-26T11:24:57Z">
          <reporter-output>
          </reporter-output>
        </test-method> <!-- beforeMethod -->
        <test-method status="PASS" signature="crearBusTest()[pri:0, instance:co.edu.icesi.ci.talleres.BusDelegateTest@2ac273d3]" name="crearBusTest" duration-ms="24" started-at="2019-11-26T11:24:57Z" finished-at="2019-11-26T11:24:58Z">
          <reporter-output>
          </reporter-output>
        </test-method> <!-- crearBusTest -->
      </class> <!-- co.edu.icesi.ci.talleres.BusDelegateTest -->
    </test> <!-- Default test -->
  </suite> <!-- Default suite -->
</testng-results>
